<?xml version="1.0" encoding="UTF-8"?>
<testsuite xmlns:xsi="http://www.w3.org/2001/XMLSchema-instance" xsi:noNamespaceSchemaLocation="https://maven.apache.org/surefire/maven-surefire-plugin/xsd/surefire-test-report-3.0.xsd" version="3.0" name="junit.JUnitHelloWorldTest" time="0.11" tests="1" errors="0" skipped="0" failures="0">
  <properties>
[...]
</properties>
  <testcase name="isGreaterTest" classname="junit.JUnitHelloWorldTest" time="0.0">
    <system-out><![CDATA[Before Class
Before Test Case
Test
After Test Case
]]></system-out>
  </testcase>
</testsuite>